<?xml version="1.0" encoding="UTF-8"?>
<testng-results ignored="0" total="3" passed="3" failed="0" skipped="0">
  <reporter-output>
  </reporter-output>
  <suite started-at="2023-03-10T02:43:31 CET" name="Default suite" finished-at="2023-03-10T02:43:31 CET" duration-ms="775">
    <groups>
    </groups>
    <test started-at="2023-03-10T02:43:31 CET" name="Default test" finished-at="2023-03-10T02:43:31 CET" duration-ms="775">
      <class name="Tests">
        <test-method signature="test_01_POST()[pri:0, instance:Tests@402bba4f]" started-at="2023-03-10T02:43:31 CET" name="test_01_POST" finished-at="2023-03-10T02:43:31 CET" duration-ms="686" status="PASS">
          <reporter-output>
          </reporter-output>
        </test-method> <!-- test_01_POST -->
        <test-method signature="test_02_PUT()[pri:0, instance:Tests@402bba4f]" started-at="2023-03-10T02:43:31 CET" name="test_02_PUT" finished-at="2023-03-10T02:43:31 CET" duration-ms="38" status="PASS">
          <reporter-output>
          </reporter-output>
        </test-method> <!-- test_02_PUT -->
        <test-method signature="test_03_GET()[pri:0, instance:Tests@402bba4f]" started-at="2023-03-10T02:43:31 CET" name="test_03_GET" finished-at="2023-03-10T02:43:31 CET" duration-ms="29" status="PASS">
          <reporter-output>
          </reporter-output>
        </test-method> <!-- test_03_GET -->
      </class> <!-- Tests -->
    </test> <!-- Default test -->
  </suite> <!-- Default suite -->
</testng-results>
