<?xml version="1.0" encoding="UTF-8"?>
<testng-results ignored="0" total="1" passed="1" failed="0" skipped="0">
  <reporter-output>
  </reporter-output>
  <suite started-at="2023-03-10T00:12:19 CET" name="Default suite" finished-at="2023-03-10T00:12:20 CET" duration-ms="961">
    <groups>
    </groups>
    <test started-at="2023-03-10T00:12:19 CET" name="Default test" finished-at="2023-03-10T00:12:20 CET" duration-ms="961">
      <class name="Test01_GET">
        <test-method signature="test_01()[pri:0, instance:Test01_GET@3427b02d]" started-at="2023-03-10T00:12:19 CET" name="test_01" finished-at="2023-03-10T00:12:20 CET" duration-ms="940" status="PASS">
          <reporter-output>
          </reporter-output>
        </test-method> <!-- test_01 -->
      </class> <!-- Test01_GET -->
    </test> <!-- Default test -->
  </suite> <!-- Default suite -->
</testng-results>
